app/build/intermediates/manifest_merge_blame_file/debug/manifest-merger-blame-debug-report.txt
1<?xml version="1.0" encoding="utf-8"?>
2<manifest xmlns:android="http://schemas.android.com/apk/res/android"
3    package="com.rekovi.taskmanager"
4    android:versionCode="1"
5    android:versionName="1.0" >
6
7    <uses-sdk
8        android:minSdkVersion="24"
9        android:targetSdkVersion="35" />
10
11    <uses-permission android:name="android.permission.INTERNET" />
11-->src\main\AndroidManifest.xml:5:5-67
11-->src\main\AndroidManifest.xml:5:22-64
12    <uses-permission android:name="android.permission.ACCESS_NETWORK_STATE" />
12-->src\main\AndroidManifest.xml:6:5-79
12-->src\main\AndroidManifest.xml:6:22-76
13
14    <permission
14-->[androidx.core:core:1.12.0] AndroidManifest.xml:22:5-24:47
15        android:name="com.rekovi.taskmanager.DYNAMIC_RECEIVER_NOT_EXPORTED_PERMISSION"
15-->[androidx.core:core:1.12.0] AndroidManifest.xml:23:9-81
16        android:protectionLevel="signature" />
16-->[androidx.core:core:1.12.0] AndroidManifest.xml:24:9-44
17
18    <uses-permission android:name="com.rekovi.taskmanager.DYNAMIC_RECEIVER_NOT_EXPORTED_PERMISSION" />
18-->[androidx.core:core:1.12.0] AndroidManifest.xml:26:5-97
18-->[androidx.core:core:1.12.0] AndroidManifest.xml:26:22-94
19
20    <application
20-->src\main\AndroidManifest.xml:8:5-31:19
21        android:name="com.rekovi.taskmanager.RekoviApplication"
21-->src\main\AndroidManifest.xml:9:9-42
22        android:allowBackup="true"
22-->src\main\AndroidManifest.xml:10:9-35
23        android:appComponentFactory="androidx.core.app.CoreComponentFactory"
23-->[androidx.core:core:1.12.0] AndroidManifest.xml:28:18-86
24        android:dataExtractionRules="@xml/data_extraction_rules"
24-->src\main\AndroidManifest.xml:11:9-65
25        android:debuggable="true"
26        android:extractNativeLibs="false"
27        android:fullBackupContent="@xml/backup_rules"
27-->src\main\AndroidManifest.xml:12:9-54
28        android:icon="@mipmap/ic_launcher"
28-->src\main\AndroidManifest.xml:13:9-43
29        android:label="@string/app_name"
29-->src\main\AndroidManifest.xml:14:9-41
30        android:roundIcon="@mipmap/ic_launcher_round"
30-->src\main\AndroidManifest.xml:15:9-54
31        android:supportsRtl="true"
31-->src\main\AndroidManifest.xml:16:9-35
32        android:theme="@style/Theme.Rekovi"
32-->src\main\AndroidManifest.xml:17:9-44
33        android:usesCleartextTraffic="false" >
33-->src\main\AndroidManifest.xml:18:9-45
34        <activity
34-->src\main\AndroidManifest.xml:21:9-30:20
35            android:name="com.rekovi.taskmanager.presentation.MainActivity"
35-->src\main\AndroidManifest.xml:22:13-54
36            android:exported="true"
36-->src\main\AndroidManifest.xml:23:13-36
37            android:theme="@style/Theme.Rekovi"
37-->src\main\AndroidManifest.xml:24:13-48
38            android:windowSoftInputMode="adjustResize" >
38-->src\main\AndroidManifest.xml:25:13-55
39            <intent-filter>
39-->src\main\AndroidManifest.xml:26:13-29:29
40                <action android:name="android.intent.action.MAIN" />
40-->src\main\AndroidManifest.xml:27:17-69
40-->src\main\AndroidManifest.xml:27:25-66
41
42                <category android:name="android.intent.category.LAUNCHER" />
42-->src\main\AndroidManifest.xml:28:17-77
42-->src\main\AndroidManifest.xml:28:27-74
43            </intent-filter>
44        </activity>
45        <activity
45-->[androidx.compose.ui:ui-tooling-android:1.6.1] AndroidManifest.xml:23:9-25:39
46            android:name="androidx.compose.ui.tooling.PreviewActivity"
46-->[androidx.compose.ui:ui-tooling-android:1.6.1] AndroidManifest.xml:24:13-71
47            android:exported="true" />
47-->[androidx.compose.ui:ui-tooling-android:1.6.1] AndroidManifest.xml:25:13-36
48        <activity
48-->[androidx.compose.ui:ui-test-manifest:1.6.1] AndroidManifest.xml:23:9-25:39
49            android:name="androidx.activity.ComponentActivity"
49-->[androidx.compose.ui:ui-test-manifest:1.6.1] AndroidManifest.xml:24:13-63
50            android:exported="true" />
50-->[androidx.compose.ui:ui-test-manifest:1.6.1] AndroidManifest.xml:25:13-36
51
52        <provider
52-->[io.github.jan-tennert.supabase:storage-kt-android-debug:2.6.0] AndroidManifest.xml:9:9-17:20
53            android:name="androidx.startup.InitializationProvider"
53-->[io.github.jan-tennert.supabase:storage-kt-android-debug:2.6.0] AndroidManifest.xml:10:13-67
54            android:authorities="com.rekovi.taskmanager.androidx-startup"
54-->[io.github.jan-tennert.supabase:storage-kt-android-debug:2.6.0] AndroidManifest.xml:11:13-68
55            android:exported="false" >
55-->[io.github.jan-tennert.supabase:storage-kt-android-debug:2.6.0] AndroidManifest.xml:12:13-37
56            <meta-data
56-->[io.github.jan-tennert.supabase:storage-kt-android-debug:2.6.0] AndroidManifest.xml:14:13-16:52
57                android:name="io.github.jan.supabase.storage.SupabaseInitializer"
57-->[io.github.jan-tennert.supabase:storage-kt-android-debug:2.6.0] AndroidManifest.xml:15:17-82
58                android:value="androidx.startup" />
58-->[io.github.jan-tennert.supabase:storage-kt-android-debug:2.6.0] AndroidManifest.xml:16:17-49
59            <meta-data
59-->[io.github.jan-tennert.supabase:gotrue-kt-android-debug:2.6.0] AndroidManifest.xml:14:13-16:52
60                android:name="io.github.jan.supabase.gotrue.SupabaseInitializer"
60-->[io.github.jan-tennert.supabase:gotrue-kt-android-debug:2.6.0] AndroidManifest.xml:15:17-81
61                android:value="androidx.startup" />
61-->[io.github.jan-tennert.supabase:gotrue-kt-android-debug:2.6.0] AndroidManifest.xml:16:17-49
62            <meta-data
62-->[androidx.emoji2:emoji2:1.3.0] AndroidManifest.xml:29:13-31:52
63                android:name="androidx.emoji2.text.EmojiCompatInitializer"
63-->[androidx.emoji2:emoji2:1.3.0] AndroidManifest.xml:30:17-75
64                android:value="androidx.startup" />
64-->[androidx.emoji2:emoji2:1.3.0] AndroidManifest.xml:31:17-49
65            <meta-data
65-->[androidx.lifecycle:lifecycle-process:2.8.4] AndroidManifest.xml:29:13-31:52
66                android:name="androidx.lifecycle.ProcessLifecycleInitializer"
66-->[androidx.lifecycle:lifecycle-process:2.8.4] AndroidManifest.xml:30:17-78
67                android:value="androidx.startup" />
67-->[androidx.lifecycle:lifecycle-process:2.8.4] AndroidManifest.xml:31:17-49
68            <meta-data
68-->[com.russhwolf:multiplatform-settings-no-arg-android-debug:1.1.1] AndroidManifest.xml:29:13-31:52
69                android:name="com.russhwolf.settings.SettingsInitializer"
69-->[com.russhwolf:multiplatform-settings-no-arg-android-debug:1.1.1] AndroidManifest.xml:30:17-74
70                android:value="androidx.startup" />
70-->[com.russhwolf:multiplatform-settings-no-arg-android-debug:1.1.1] AndroidManifest.xml:31:17-49
71            <meta-data
71-->[androidx.profileinstaller:profileinstaller:1.3.1] AndroidManifest.xml:29:13-31:52
72                android:name="androidx.profileinstaller.ProfileInstallerInitializer"
72-->[androidx.profileinstaller:profileinstaller:1.3.1] AndroidManifest.xml:30:17-85
73                android:value="androidx.startup" />
73-->[androidx.profileinstaller:profileinstaller:1.3.1] AndroidManifest.xml:31:17-49
74        </provider>
75
76        <service
76-->[androidx.credentials:credentials-play-services-auth:1.2.2] AndroidManifest.xml:24:9-32:19
77            android:name="androidx.credentials.playservices.CredentialProviderMetadataHolder"
77-->[androidx.credentials:credentials-play-services-auth:1.2.2] AndroidManifest.xml:25:13-94
78            android:enabled="true"
78-->[androidx.credentials:credentials-play-services-auth:1.2.2] AndroidManifest.xml:26:13-35
79            android:exported="false" >
79-->[androidx.credentials:credentials-play-services-auth:1.2.2] AndroidManifest.xml:27:13-37
80            <meta-data
80-->[androidx.credentials:credentials-play-services-auth:1.2.2] AndroidManifest.xml:29:13-31:104
81                android:name="androidx.credentials.CREDENTIAL_PROVIDER_KEY"
81-->[androidx.credentials:credentials-play-services-auth:1.2.2] AndroidManifest.xml:30:17-76
82                android:value="androidx.credentials.playservices.CredentialProviderPlayServicesImpl" />
82-->[androidx.credentials:credentials-play-services-auth:1.2.2] AndroidManifest.xml:31:17-101
83        </service>
84
85        <activity
85-->[androidx.credentials:credentials-play-services-auth:1.2.2] AndroidManifest.xml:34:9-41:20
86            android:name="androidx.credentials.playservices.HiddenActivity"
86-->[androidx.credentials:credentials-play-services-auth:1.2.2] AndroidManifest.xml:35:13-76
87            android:configChanges="orientation|screenSize|screenLayout|keyboardHidden"
87-->[androidx.credentials:credentials-play-services-auth:1.2.2] AndroidManifest.xml:36:13-87
88            android:enabled="true"
88-->[androidx.credentials:credentials-play-services-auth:1.2.2] AndroidManifest.xml:37:13-35
89            android:exported="false"
89-->[androidx.credentials:credentials-play-services-auth:1.2.2] AndroidManifest.xml:38:13-37
90            android:fitsSystemWindows="true"
90-->[androidx.credentials:credentials-play-services-auth:1.2.2] AndroidManifest.xml:39:13-45
91            android:theme="@style/Theme.Hidden" >
91-->[androidx.credentials:credentials-play-services-auth:1.2.2] AndroidManifest.xml:40:13-48
92        </activity>
93        <activity
93-->[com.google.android.gms:play-services-auth:20.7.0] AndroidManifest.xml:23:9-27:75
94            android:name="com.google.android.gms.auth.api.signin.internal.SignInHubActivity"
94-->[com.google.android.gms:play-services-auth:20.7.0] AndroidManifest.xml:24:13-93
95            android:excludeFromRecents="true"
95-->[com.google.android.gms:play-services-auth:20.7.0] AndroidManifest.xml:25:13-46
96            android:exported="false"
96-->[com.google.android.gms:play-services-auth:20.7.0] AndroidManifest.xml:26:13-37
97            android:theme="@android:style/Theme.Translucent.NoTitleBar" />
97-->[com.google.android.gms:play-services-auth:20.7.0] AndroidManifest.xml:27:13-72
98        <!--
99            Service handling Google Sign-In user revocation. For apps that do not integrate with
100            Google Sign-In, this service will never be started.
101        -->
102        <service
102-->[com.google.android.gms:play-services-auth:20.7.0] AndroidManifest.xml:33:9-37:51
103            android:name="com.google.android.gms.auth.api.signin.RevocationBoundService"
103-->[com.google.android.gms:play-services-auth:20.7.0] AndroidManifest.xml:34:13-89
104            android:exported="true"
104-->[com.google.android.gms:play-services-auth:20.7.0] AndroidManifest.xml:35:13-36
105            android:permission="com.google.android.gms.auth.api.signin.permission.REVOCATION_NOTIFICATION"
105-->[com.google.android.gms:play-services-auth:20.7.0] AndroidManifest.xml:36:13-107
106            android:visibleToInstantApps="true" />
106-->[com.google.android.gms:play-services-auth:20.7.0] AndroidManifest.xml:37:13-48
107
108        <activity
108-->[com.google.android.gms:play-services-base:18.0.1] AndroidManifest.xml:20:9-22:45
109            android:name="com.google.android.gms.common.api.GoogleApiActivity"
109-->[com.google.android.gms:play-services-base:18.0.1] AndroidManifest.xml:20:19-85
110            android:exported="false"
110-->[com.google.android.gms:play-services-base:18.0.1] AndroidManifest.xml:22:19-43
111            android:theme="@android:style/Theme.Translucent.NoTitleBar" />
111-->[com.google.android.gms:play-services-base:18.0.1] AndroidManifest.xml:21:19-78
112
113        <meta-data
113-->[com.google.android.gms:play-services-basement:18.2.0] AndroidManifest.xml:21:9-23:69
114            android:name="com.google.android.gms.version"
114-->[com.google.android.gms:play-services-basement:18.2.0] AndroidManifest.xml:22:13-58
115            android:value="@integer/google_play_services_version" />
115-->[com.google.android.gms:play-services-basement:18.2.0] AndroidManifest.xml:23:13-66
116
117        <receiver
117-->[androidx.profileinstaller:profileinstaller:1.3.1] AndroidManifest.xml:34:9-52:20
118            android:name="androidx.profileinstaller.ProfileInstallReceiver"
118-->[androidx.profileinstaller:profileinstaller:1.3.1] AndroidManifest.xml:35:13-76
119            android:directBootAware="false"
119-->[androidx.profileinstaller:profileinstaller:1.3.1] AndroidManifest.xml:36:13-44
120            android:enabled="true"
120-->[androidx.profileinstaller:profileinstaller:1.3.1] AndroidManifest.xml:37:13-35
121            android:exported="true"
121-->[androidx.profileinstaller:profileinstaller:1.3.1] AndroidManifest.xml:38:13-36
122            android:permission="android.permission.DUMP" >
122-->[androidx.profileinstaller:profileinstaller:1.3.1] AndroidManifest.xml:39:13-57
123            <intent-filter>
123-->[androidx.profileinstaller:profileinstaller:1.3.1] AndroidManifest.xml:40:13-42:29
124                <action android:name="androidx.profileinstaller.action.INSTALL_PROFILE" />
124-->[androidx.profileinstaller:profileinstaller:1.3.1] AndroidManifest.xml:41:17-91
124-->[androidx.profileinstaller:profileinstaller:1.3.1] AndroidManifest.xml:41:25-88
125            </intent-filter>
126            <intent-filter>
126-->[androidx.profileinstaller:profileinstaller:1.3.1] AndroidManifest.xml:43:13-45:29
127                <action android:name="androidx.profileinstaller.action.SKIP_FILE" />
127-->[androidx.profileinstaller:profileinstaller:1.3.1] AndroidManifest.xml:44:17-85
127-->[androidx.profileinstaller:profileinstaller:1.3.1] AndroidManifest.xml:44:25-82
128            </intent-filter>
129            <intent-filter>
129-->[androidx.profileinstaller:profileinstaller:1.3.1] AndroidManifest.xml:46:13-48:29
130                <action android:name="androidx.profileinstaller.action.SAVE_PROFILE" />
130-->[androidx.profileinstaller:profileinstaller:1.3.1] AndroidManifest.xml:47:17-88
130-->[androidx.profileinstaller:profileinstaller:1.3.1] AndroidManifest.xml:47:25-85
131            </intent-filter>
132            <intent-filter>
132-->[androidx.profileinstaller:profileinstaller:1.3.1] AndroidManifest.xml:49:13-51:29
133                <action android:name="androidx.profileinstaller.action.BENCHMARK_OPERATION" />
133-->[androidx.profileinstaller:profileinstaller:1.3.1] AndroidManifest.xml:50:17-95
133-->[androidx.profileinstaller:profileinstaller:1.3.1] AndroidManifest.xml:50:25-92
134            </intent-filter>
135        </receiver>
136    </application>
137
138</manifest>